<?xml version="1.0" encoding="UTF-8"?>
<testsuite xmlns:xsi="http://www.w3.org/2001/XMLSchema-instance" xsi:noNamespaceSchemaLocation="https://maven.apache.org/surefire/maven-surefire-plugin/xsd/surefire-test-report-3.0.xsd" version="3.0" name="StudentAnalyzerTest" time="0.041" tests="11" errors="0" skipped="0" failures="0">
  <properties>
[...]
</properties>
  <testcase name="testCalculateValidAverage_exceptionData_allInvalid" classname="StudentAnalyzerTest" time="0.015"/>
  <testcase name="testCalculateValidAverage_normal_allValid" classname="StudentAnalyzerTest" time="0.001"/>
  <testcase name="testCountExcellentStudents_normal_mixValidInvalid" classname="StudentAnalyzerTest" time="0.0"/>
  <testcase name="testCountExcellentStudents_boundary_emptyList" classname="StudentAnalyzerTest" time="0.001"/>
  <testcase name="testCountExcellentStudents_boundary_only0and10" classname="StudentAnalyzerTest" time="0.001"/>
  <testcase name="testCountExcellentStudents_normal_allValid" classname="StudentAnalyzerTest" time="0.001"/>
  <testcase name="testNullList_returnsDefault" classname="StudentAnalyzerTest" time="0.0"/>
  <testcase name="testCalculateValidAverage_boundary_emptyList" classname="StudentAnalyzerTest" time="0.001"/>
  <testcase name="testCountExcellentStudents_exceptionData_allInvalid" classname="StudentAnalyzerTest" time="0.001"/>
  <testcase name="testCalculateValidAverage_boundary_only0and10" classname="StudentAnalyzerTest" time="0.001"/>
  <testcase name="testCalculateValidAverage_normal_mixValidInvalid" classname="StudentAnalyzerTest" time="0.001"/>
</testsuite>